<?xml version="1.0" encoding="UTF-8"?>
<!-- Generated by org.testng.reporters.JUnitReportReporter -->
<testsuite hostname="vldb" failures="0" tests="6" name="com.yahoo.ycsb.TestUtils" time="0.027" errors="0" timestamp="26 Feb 2021 01:59:16 GMT">
  <testcase classname="com.yahoo.ycsb.TestUtils" name="bytesToFromLong" time="0.000"/>
  <testcase classname="com.yahoo.ycsb.TestUtils" name="bytesToDoubleTooShort" time="0.001"/>
  <testcase classname="com.yahoo.ycsb.TestUtils" name="jvmUtils" time="0.025"/>
  <testcase classname="com.yahoo.ycsb.TestUtils" name="bytesToLongTooShort" time="0.000"/>
  <testcase classname="com.yahoo.ycsb.TestUtils" name="bytesToFromDouble" time="0.000"/>
  <testcase classname="com.yahoo.ycsb.TestUtils" name="bytesToLongNull" time="0.001"/>
</testsuite>
