<?xml version="1.0" encoding="UTF-8"?>
<!-- Generated by org.testng.reporters.JUnitReportReporter -->
<testsuite hostname="vldb" failures="0" tests="2" name="com.yahoo.ycsb.TestNumericByteIterator" time="0.001" errors="0" timestamp="26 Feb 2021 01:59:16 GMT">
  <testcase classname="com.yahoo.ycsb.TestNumericByteIterator" name="testLong" time="0.000"/>
  <testcase classname="com.yahoo.ycsb.TestNumericByteIterator" name="testDouble" time="0.001"/>
</testsuite>
