<?xml version="1.0" encoding="UTF-8"?>
<!-- Generated by org.testng.reporters.JUnitReportReporter -->
<testsuite hostname="vldb" failures="0" tests="1" name="com.yahoo.ycsb.generator.AcknowledgedCounterGeneratorTest" time="0.425" errors="0" timestamp="26 Feb 2021 01:59:16 GMT">
  <testcase classname="com.yahoo.ycsb.generator.AcknowledgedCounterGeneratorTest" name="testIncrementPastIntegerMaxValue" time="0.425"/>
</testsuite>
