<?xml version="1.0" encoding="UTF-8"?>
<!-- Generated by org.testng.reporters.JUnitReportReporter -->
<testsuite hostname="vldb" failures="0" tests="13" name="com.yahoo.ycsb.workloads.TestTimeSeriesWorkload" time="0.021" errors="0" timestamp="26 Feb 2021 01:59:16 GMT">
  <testcase classname="com.yahoo.ycsb.workloads.TestTimeSeriesWorkload" name="validateSettingsDataIntegrity" time="0.002"/>
  <testcase classname="com.yahoo.ycsb.workloads.TestTimeSeriesWorkload" name="insertTwoKeysTwoThreads" time="0.001"/>
  <testcase classname="com.yahoo.ycsb.workloads.TestTimeSeriesWorkload" name="failedToInitThread" time="0.001"/>
  <testcase classname="com.yahoo.ycsb.workloads.TestTimeSeriesWorkload" name="insertWithValidation" time="0.002"/>
  <testcase classname="com.yahoo.ycsb.workloads.TestTimeSeriesWorkload" name="badTimeUnit" time="0.001"/>
  <testcase classname="com.yahoo.ycsb.workloads.TestTimeSeriesWorkload" name="failedToInitWorkloadBeforeThreadInit" time="0.000"/>
  <testcase classname="com.yahoo.ycsb.workloads.TestTimeSeriesWorkload" name="insertOneKeyOneTagCardinalityOne" time="0.002"/>
  <testcase classname="com.yahoo.ycsb.workloads.TestTimeSeriesWorkload" name="verifyRow" time="0.007"/>
  <testcase classname="com.yahoo.ycsb.workloads.TestTimeSeriesWorkload" name="twoThreads" time="0.001"/>
  <testcase classname="com.yahoo.ycsb.workloads.TestTimeSeriesWorkload" name="insertOneKeyTwoTagsLowCardinality" time="0.001"/>
  <testcase classname="com.yahoo.ycsb.workloads.TestTimeSeriesWorkload" name="insertThreeKeysTwoThreads" time="0.002"/>
  <testcase classname="com.yahoo.ycsb.workloads.TestTimeSeriesWorkload" name="insertTwoKeysTwoTagsLowCardinality" time="0.001"/>
  <testcase classname="com.yahoo.ycsb.workloads.TestTimeSeriesWorkload" name="read" time="0.000"/>
</testsuite>
